{
  "stats": {
    "suites": 2,
    "tests": 1,
    "passes": 1,
    "pending": 0,
    "failures": 0,
    "start": "2023-01-31T16:49:55.324Z",
    "end": "2023-01-31T16:50:26.351Z",
    "duration": 31027,
    "testsRegistered": 1,
    "passPercent": 100,
    "pendingPercent": 0,
    "other": 0,
    "hasOther": false,
    "skipped": 0,
    "hasSkipped": false
  },
  "results": [
    {
      "uuid": "5c2578e9-76d1-43fa-b66f-63291d4655d9",
      "title": "",
      "fullFile": "D:\\DefiDevs\\Project\\accumulate-tests\\accumulate-automation\\tests\\add_credits\\single_sign\\adi_token_to_key_page_tests.js",
      "file": "\\accumulate-automation\\tests\\add_credits\\single_sign\\adi_token_to_key_page_tests.js",
      "beforeHooks": [],
      "afterHooks": [],
      "tests": [],
      "suites": [
        {
          "uuid": "57d406f0-a852-4544-9534-925940dc4a11",
          "title": "Credits from ADI Token Account to Key Page within a Key Book of an ADI",
          "fullFile": "D:\\DefiDevs\\Project\\accumulate-tests\\accumulate-automation\\tests\\add_credits\\single_sign\\adi_token_to_key_page_tests.js",
          "file": "\\accumulate-automation\\tests\\add_credits\\single_sign\\adi_token_to_key_page_tests.js",
          "beforeHooks": [],
          "afterHooks": [],
          "tests": [],
          "suites": [
            {
              "uuid": "facdda4f-ab09-4ed6-ab62-829f7c7a1bdc",
              "title": "Single Signature",
              "fullFile": "D:\\DefiDevs\\Project\\accumulate-tests\\accumulate-automation\\tests\\add_credits\\single_sign\\adi_token_to_key_page_tests.js",
              "file": "\\accumulate-automation\\tests\\add_credits\\single_sign\\adi_token_to_key_page_tests.js",
              "beforeHooks": [],
              "afterHooks": [],
              "tests": [
                {
                  "title": "[] Verify successful credits transaction from ADI Token Account to ADI Key Page",
                  "fullTitle": "Credits from ADI Token Account to Key Page within a Key Book of an ADI Single Signature [] Verify successful credits transaction from ADI Token Account to ADI Key Page",
                  "timedOut": false,
                  "duration": 31009,
                  "state": "passed",
                  "speed": "slow",
                  "pass": true,
                  "fail": false,
                  "pending": false,
                  "context": null,
                  "code": "console.log(\"Start Test\" , adiTestData.adiAccounts);\nconst senderAccount = adiTestData.adiAccounts.same_bvn.adiToken.account1;\nconst receiverAccount = adiTestData.adiAccounts.same_bvn.adi.account3;\nlet no_of_credits = 5;\nsuccessful_transfer(senderAccount.url, senderAccount.signerKey, receiverAccount, no_of_credits);",
                  "err": {},
                  "uuid": "036c15b7-7dd1-43ce-b113-23c59f712072",
                  "parentUUID": "facdda4f-ab09-4ed6-ab62-829f7c7a1bdc",
                  "isHook": false,
                  "skipped": false
                }
              ],
              "suites": [],
              "passes": [
                "036c15b7-7dd1-43ce-b113-23c59f712072"
              ],
              "failures": [],
              "pending": [],
              "skipped": [],
              "duration": 31009,
              "root": false,
              "rootEmpty": false,
              "_timeout": 90000
            }
          ],
          "passes": [],
          "failures": [],
          "pending": [],
          "skipped": [],
          "duration": 0,
          "root": false,
          "rootEmpty": false,
          "_timeout": 2000
        }
      ],
      "passes": [],
      "failures": [],
      "pending": [],
      "skipped": [],
      "duration": 0,
      "root": true,
      "rootEmpty": true,
      "_timeout": 2000
    }
  ],
  "meta": {
    "mocha": {
      "version": "10.0.0"
    },
    "mochawesome": {
      "options": {
        "quiet": false,
        "reportFilename": "mochawesome",
        "saveHtml": true,
        "saveJson": true,
        "consoleReporter": "spec",
        "useInlineDiffs": false,
        "code": true
      },
      "version": "7.1.3"
    },
    "marge": {
      "options": null,
      "version": "6.2.0"
    }
  }
}